<?xml version="1.0" encoding="utf-8"?><testsuites name="pytest tests"><testsuite name="pytest" errors="0" failures="41" skipped="0" tests="779" time="149.170" timestamp="2026-05-26T14:49:59.337583+08:00" hostname="佳诺"><testcase classname="tests.benchmarks.test_intent_accuracy" name="test_intent_golden_set_accuracy" time="6.678"><failure message="AssertionError: Intent accuracy 91.67% below threshold 95.00%; failures sample: [{'text': '打印一下七彩乐园的9803规格28', 'expected_tool': 'shipment_generate', 'expected_primary': 'shipment_generate', 'got_tool': None, 'got_primary': None}]&#10;assert 0.9166666666666666 &gt;= 0.95">E   AssertionError: Intent accuracy 91.67% below threshold 95.00%; failures sample: [{'text': '打印一下七彩乐园的9803规格28', 'expected_tool': 'shipment_generate', 'expected_primary': 'shipment_generate', 'got_tool': None, 'got_primary': None}]
    assert 0.9166666666666666 &gt;= 0.95</failure></testcase><testcase classname="tests.neuro.test_bootstrap_event_primary_flag" name="test_event_primary_flag_shipment" time="0.001" /><testcase classname="tests.neuro.test_bootstrap_event_primary_flag" name="test_event_primary_global" time="0.001" /><testcase classname="tests.neuro.test_command_gateway" name="test_command_gateway_wait_and_resolve" time="0.027" /><testcase classname="tests.neuro.test_command_gateway" name="test_command_gateway_timeout" time="0.063" /><testcase classname="tests.neuro.test_routing_policy" name="test_feature_vector_length" time="0.001" /><testcase classname="tests.neuro.test_routing_policy" name="test_policy_predict_if_weights_present" time="0.282" /><testcase classname="tests.neuro.test_shipment_bootstrap_parity" name="test_get_shipment_app_service_defaults_to_core" time="0.015" /><testcase classname="tests.neuro.test_shipment_bootstrap_parity" name="test_get_shipment_app_service_event_primary_when_flagged" time="0.001" /><testcase classname="tests.test_application.test_ai_chat_app_service.TestAIChatApplicationService" name="test_process_chat_empty_message" time="0.034" /><testcase classname="tests.test_application.test_ai_chat_app_service.TestAIChatApplicationService" name="test_process_chat_normal_message" time="0.009" /><testcase classname="tests.test_application.test_ai_chat_app_service.TestAIChatApplicationService" name="test_confirmation_flow_yes" time="0.001" /><testcase classname="tests.test_application.test_ai_chat_app_service.TestAIChatApplicationService" name="test_confirmation_flow_no" time="0.001" /><testcase classname="tests.test_application.test_ai_chat_app_service.TestAIChatApplicationService" name="test_build_response_followup" time="0.001" /><testcase classname="tests.test_application.test_ai_chat_app_service.TestAIChatApplicationService" name="test_build_response_auto_action" time="0.001" /><testcase classname="tests.test_application.test_ai_chat_app_service.TestAIChatApplicationService" name="test_execute_customers_query_success" time="0.001" /><testcase classname="tests.test_application.test_ai_chat_app_service.TestAIChatApplicationService" name="test_execute_customers_query_failure" time="0.003" /><testcase classname="tests.test_application.test_ai_chat_app_service.TestAIChatApplicationService" name="test_build_order_text_from_products" time="0.001" /><testcase classname="tests.test_application.test_ai_chat_app_service.TestAIChatApplicationService" name="test_build_order_text_empty_products" time="0.001" /><testcase classname="tests.test_application.test_ai_chat_app_service.TestAIChatApplicationService" name="test_build_order_text_empty_unit" time="0.001" /><testcase classname="tests.test_application.test_ai_chat_app_service.TestAIChatApplicationService" name="test_execute_pro_mode_products_query" time="0.002" /><testcase classname="tests.test_application.test_ai_chat_app_service.TestAIChatApplicationService" name="test_handle_confirmation_flow_no_context" time="0.001" /><testcase classname="tests.test_application.test_ai_chat_app_service.TestAIChatApplicationService" name="test_build_response_with_tool_call_no_tool_key" time="0.001" /><testcase classname="tests.test_application.test_shipment_app_service.TestShipmentApplicationServiceCreate" name="test_create_shipment_success" time="0.010"><failure message="assert False is True">E   assert False is True</failure></testcase><testcase classname="tests.test_application.test_shipment_app_service.TestShipmentApplicationServiceCreate" name="test_create_shipment_invalid_no_items" time="0.007"><failure message="assert '无效' in &quot;创建失败: ContactInfo.__init__() got an unexpected keyword argument 'person'&quot;">E   assert '无效' in "创建失败: ContactInfo.__init__() got an unexpected keyword argument 'person'"</failure></testcase><testcase classname="tests.test_application.test_shipment_app_service.TestShipmentApplicationServiceCreate" name="test_create_shipment_invalid_no_unit_name" time="0.007" /><testcase classname="tests.test_application.test_shipment_app_service.TestShipmentApplicationServiceCreate" name="test_create_shipment_with_multiple_items" time="0.008"><failure message="assert False is True">E   assert False is True</failure></testcase><testcase classname="tests.test_application.test_shipment_app_service.TestShipmentApplicationServiceGenerate" name="test_generate_shipment_document_success" time="0.007" /><testcase classname="tests.test_application.test_shipment_app_service.TestShipmentApplicationServiceGenerate" name="test_generate_shipment_document_fail" time="0.007" /><testcase classname="tests.test_application.test_shipment_app_service.TestShipmentApplicationServiceList" name="test_list_shipments" time="0.006" /><testcase classname="tests.test_application.test_shipment_app_service.TestShipmentApplicationServiceList" name="test_get_shipment_by_id" time="0.007" /><testcase classname="tests.test_application.test_shipment_app_service.TestShipmentApplicationServiceList" name="test_get_shipment_not_found" time="0.007" /><testcase classname="tests.test_application.test_shipment_app_service.TestShipmentApplicationServiceDelete" name="test_delete_shipment_success" time="0.007" /><testcase classname="tests.test_application.test_shipment_app_service.TestShipmentApplicationServiceDelete" name="test_delete_shipment_not_found" time="0.008" /><testcase classname="tests.test_approval_bridge_mod" name="test_approval_manifest_facade_flag" time="0.001" /><testcase classname="tests.test_approval_bridge_mod" name="test_approval_blueprints_delegate_routes" time="0.001" /><testcase classname="tests.test_approval_bridge_mod" name="test_list_approval_facade_registry_mod" time="0.001" /><testcase classname="tests.test_approval_bridge_mod" name="test_platform_shell_lists_approval_facade" time="0.000" /><testcase classname="tests.test_approval_pages_compat" name="test_approval_pages_registry_physical" time="0.004" /><testcase classname="tests.test_aux_employee_store" name="test_lan_bridge_manifest_has_no_sidebar_menu" time="0.000" /><testcase classname="tests.test_aux_employee_store" name="test_lan_gate_ai_employee_manifest_and_store_row" time="0.003" /><testcase classname="tests.test_catalog_visibility" name="test_duty_roster_employee_pack_hidden" time="0.000" /><testcase classname="tests.test_catalog_visibility" name="test_duty_roster_hidden_even_when_artifact_is_mod" time="0.000" /><testcase classname="tests.test_catalog_visibility" name="test_unlisted_employee_pack_hidden_without_public_listing" time="0.000" /><testcase classname="tests.test_catalog_visibility" name="test_public_listing_employee_pack_visible" time="0.000" /><testcase classname="tests.test_code_editor_router" name="test_code_editor_status" time="0.048" /><testcase classname="tests.test_code_editor_router" name="test_code_editor_analyze_no_path" time="0.009" /><testcase classname="tests.test_code_editor_router" name="test_code_editor_analyze_text_preview" time="0.024" /><testcase classname="tests.test_code_editor_router" name="test_code_editor_analyze_escape_rejected" time="0.010" /><testcase classname="tests.test_code_editor_router" name="test_code_editor_edit_diff_apply_flow" time="0.028" /><testcase classname="tests.test_code_editor_router" name="test_code_editor_apply_conflict_restores_proposal" time="0.018" /><testcase classname="tests.test_code_editor_router" name="test_code_editor_edit_missing_path_without_flag_404" time="0.018" /><testcase classname="tests.test_code_editor_router" name="test_code_editor_create_if_missing_apply" time="0.026" /><testcase classname="tests.test_code_editor_router" name="test_code_editor_create_if_missing_bad_extension" time="0.013" /><testcase classname="tests.test_code_editor_router" name="test_code_editor_apply_new_file_conflict_when_path_appears" time="0.019" /><testcase classname="tests.test_code_editor_router" name="test_code_editor_draft_requires_p2" time="0.012" /><testcase classname="tests.test_code_editor_router" name="test_code_editor_draft_mock_llm" time="0.027" /><testcase classname="tests.test_code_editor_router" name="test_code_editor_draft_model_error_line" time="0.018" /><testcase classname="tests.test_core_workflow_mod" name="test_manifest_one_mod_four_employees[mods]" time="0.001" /><testcase classname="tests.test_core_workflow_mod" name="test_manifest_one_mod_four_employees[XCAGI/mods]" time="0.001" /><testcase classname="tests.test_core_workflow_mod" name="test_employee_modules_exist[mods]" time="0.001" /><testcase classname="tests.test_core_workflow_mod" name="test_employee_modules_exist[XCAGI/mods]" time="0.002" /><testcase classname="tests.test_core_workflow_mod" name="test_blueprints_registers_employee_routes[mods]" time="0.001" /><testcase classname="tests.test_core_workflow_mod" name="test_blueprints_registers_employee_routes[XCAGI/mods]" time="0.001" /><testcase classname="tests.test_core_workflow_mod" name="test_employee_run_callable[mods-label_print]" time="0.003" /><testcase classname="tests.test_core_workflow_mod" name="test_employee_run_callable[mods-shipment_mgmt]" time="0.003" /><testcase classname="tests.test_core_workflow_mod" name="test_employee_run_callable[mods-receipt_confirm]" time="0.003" /><testcase classname="tests.test_core_workflow_mod" name="test_employee_run_callable[mods-wechat_msg]" time="0.003" /><testcase classname="tests.test_core_workflow_mod" name="test_employee_run_callable[XCAGI/mods-label_print]" time="0.002" /><testcase classname="tests.test_core_workflow_mod" name="test_employee_run_callable[XCAGI/mods-shipment_mgmt]" time="0.002" /><testcase classname="tests.test_core_workflow_mod" name="test_employee_run_callable[XCAGI/mods-receipt_confirm]" time="0.003" /><testcase classname="tests.test_core_workflow_mod" name="test_employee_run_callable[XCAGI/mods-wechat_msg]" time="0.003" /><testcase classname="tests.test_core_workflow_mod" name="test_employee_run_extended_actions[mods-status-label_print]" time="0.002" /><testcase classname="tests.test_core_workflow_mod" name="test_employee_run_extended_actions[mods-status-shipment_mgmt]" time="0.002" /><testcase classname="tests.test_core_workflow_mod" name="test_employee_run_extended_actions[mods-status-receipt_confirm]" time="0.002" /><testcase classname="tests.test_core_workflow_mod" name="test_employee_run_extended_actions[mods-status-wechat_msg]" time="0.001" /><testcase classname="tests.test_core_workflow_mod" name="test_employee_run_extended_actions[mods-extended-label_print]" time="0.002" /><testcase classname="tests.test_core_workflow_mod" name="test_employee_run_extended_actions[mods-extended-shipment_mgmt]" time="0.002" /><testcase classname="tests.test_core_workflow_mod" name="test_employee_run_extended_actions[mods-extended-receipt_confirm]" time="0.002" /><testcase classname="tests.test_core_workflow_mod" name="test_employee_run_extended_actions[mods-extended-wechat_msg]" time="0.003" /><testcase classname="tests.test_core_workflow_mod" name="test_employee_run_extended_actions[XCAGI/mods-status-label_print]" time="0.002" /><testcase classname="tests.test_core_workflow_mod" name="test_employee_run_extended_actions[XCAGI/mods-status-shipment_mgmt]" time="0.002" /><testcase classname="tests.test_core_workflow_mod" name="test_employee_run_extended_actions[XCAGI/mods-status-receipt_confirm]" time="0.002" /><testcase classname="tests.test_core_workflow_mod" name="test_employee_run_extended_actions[XCAGI/mods-status-wechat_msg]" time="0.002" /><testcase classname="tests.test_core_workflow_mod" name="test_employee_run_extended_actions[XCAGI/mods-extended-label_print]" time="0.002" /><testcase classname="tests.test_core_workflow_mod" name="test_employee_run_extended_actions[XCAGI/mods-extended-shipment_mgmt]" time="0.003" /><testcase classname="tests.test_core_workflow_mod" name="test_employee_run_extended_actions[XCAGI/mods-extended-receipt_confirm]" time="0.002" /><testcase classname="tests.test_core_workflow_mod" name="test_employee_run_extended_actions[XCAGI/mods-extended-wechat_msg]" time="0.002" /><testcase classname="tests.test_coverage_ramp_routes" name="test_coverage_ramp_get_not_5xx[/api/health]" time="3.879" /><testcase classname="tests.test_coverage_ramp_routes" name="test_coverage_ramp_get_not_5xx[/health/liveness]" time="0.008" /><testcase classname="tests.test_coverage_ramp_routes" name="test_coverage_ramp_get_not_5xx[/api/neurobus/health]" time="4.160" /><testcase classname="tests.test_coverage_ramp_routes" name="test_coverage_ramp_get_not_5xx[/api/neurobus/stats]" time="0.004" /><testcase classname="tests.test_coverage_ramp_routes" name="test_coverage_ramp_get_not_5xx[/api/neuro/migration-smoke]" time="0.005" /><testcase classname="tests.test_coverage_ramp_routes" name="test_coverage_ramp_get_not_5xx[/api/system/industry]" time="0.010" /><testcase classname="tests.test_coverage_ramp_routes" name="test_coverage_ramp_get_not_5xx[/api/system/industries]" time="0.016" /><testcase classname="tests.test_coverage_ramp_routes" name="test_coverage_ramp_get_not_5xx[/api/system/health]" time="0.007" /><testcase classname="tests.test_coverage_ramp_routes" name="test_coverage_ramp_get_not_5xx[/api/mods/loading-status]" time="0.007" /><testcase classname="tests.test_coverage_ramp_routes" name="test_coverage_ramp_get_not_5xx[/api/mod-store/catalog]" time="0.888" /><testcase classname="tests.test_coverage_ramp_routes" name="test_coverage_ramp_get_not_5xx[/metrics]" time="0.009" /><testcase classname="tests.test_coverage_ramp_routes" name="test_coverage_ramp_post_not_5xx[/api/auth/login-payload0]" time="0.804" /><testcase classname="tests.test_coverage_ramp_routes" name="test_coverage_ramp_post_not_5xx[/api/ai/intent/test-payload1]" time="0.007" /><testcase classname="tests.test_coverage_ramp_routes" name="test_neurobus_health_reliability_shape" time="0.007" /><testcase classname="tests.test_customer_service_pages_compat" name="test_customer_service_manifest_pages" time="0.001" /><testcase classname="tests.test_customer_service_pages_compat" name="test_list_customer_service_pages_registry" time="0.003" /><testcase classname="tests.test_db.test_models.TestCustomerModel" name="test_customer_class_exists" time="0.001" /><testcase classname="tests.test_db.test_models.TestCustomerModel" name="test_customer_columns_exist" time="0.001"><failure message="AssertionError: assert False&#10; +  where False = hasattr(Customer, 'unit_name')">E   AssertionError: assert False
     +  where False = hasattr(Customer, 'unit_name')</failure></testcase><testcase classname="tests.test_db.test_models.TestProductModel" name="test_product_class_exists" time="0.000" /><testcase classname="tests.test_db.test_models.TestProductModel" name="test_product_columns_exist" time="0.000" /><testcase classname="tests.test_db.test_models.TestShipmentRecordModel" name="test_shipment_record_class_exists" time="0.000" /><testcase classname="tests.test_db.test_models.TestShipmentRecordModel" name="test_shipment_record_columns_exist" time="0.000"><failure message="AssertionError: assert False&#10; +  where False = hasattr(ShipmentRecord, 'unit_name')">E   AssertionError: assert False
     +  where False = hasattr(ShipmentRecord, 'unit_name')</failure></testcase><testcase classname="tests.test_db_read_token" name="test_db_tokens_status_all_false" time="0.054" /><testcase classname="tests.test_db_read_token" name="test_db_tokens_status_monkeypatch" time="0.056" /><testcase classname="tests.test_db_read_token" name="test_products_list_403_when_read_token_configured_missing_header" time="0.049" /><testcase classname="tests.test_db_read_token" name="test_products_list_ok_with_read_header_mocked_pg" time="0.052" /><testcase classname="tests.test_db_read_token" name="test_customers_list_403_bad_read_token" time="0.051" /><testcase classname="tests.test_db_read_token" name="test_products_list_200_when_read_token_unconfigured_no_header" time="0.056" /><testcase classname="tests.test_decoupling_mods" name="test_protected_mod_present_or_documented[taiyangniao-pro]" time="0.001" /><testcase classname="tests.test_decoupling_mods" name="test_protected_mod_present_or_documented[sz-qsm-pro]" time="0.001" /><testcase classname="tests.test_decoupling_mods" name="test_core_workflow_mod_four_employees" time="0.001" /><testcase classname="tests.test_decoupling_mods" name="test_bridge_mod_status_route_in_blueprint[xcagi-approval-bridge]" time="0.001" /><testcase classname="tests.test_decoupling_mods" name="test_bridge_mod_status_route_in_blueprint[xcagi-lan-license-bridge]" time="0.001" /><testcase classname="tests.test_decoupling_mods" name="test_bridge_mod_status_route_in_blueprint[xcagi-model-payment-bridge]" time="0.001" /><testcase classname="tests.test_decoupling_mods" name="test_platform_mod_inventory_after_sync" time="0.000" /><testcase classname="tests.test_deliverable_status" name="test_deliverable_generic_when_pack_complete" time="0.002"><failure message="assert False is True">E   assert False is True</failure></testcase><testcase classname="tests.test_deliverable_status" name="test_deliverable_generic_blocked_when_incomplete" time="0.001" /><testcase classname="tests.test_deliverable_status" name="test_deliverable_minimal_pack" time="0.001" /><testcase classname="tests.test_deliverable_status" name="test_deliverable_status_api_route" time="0.006" /><testcase classname="tests.test_deliverable_status" name="test_deliverable_product_flow_recommended_host_pack" time="0.002" /><testcase classname="tests.test_deliverable_status" name="test_deliverable_personal_sku" time="0.001" /><testcase classname="tests.test_deliverable_status" name="test_deliverable_enterprise_requires_erp" time="0.001" /><testcase classname="tests.test_deliverable_status" name="test_deliverable_personal_sku_no_erp" time="0.001" /><testcase classname="tests.test_desktop_runtime" name="test_configure_desktop_environment_sets_local_defaults" time="0.012" /><testcase classname="tests.test_desktop_runtime" name="test_database_profile_creates_default_json" time="0.003" /><testcase classname="tests.test_desktop_runtime" name="test_resolve_storage_mode_local_sqlite" time="0.000" /><testcase classname="tests.test_desktop_runtime" name="test_apply_database_profile_remote_when_enabled" time="0.007" /><testcase classname="tests.test_desktop_runtime" name="test_ensure_desktop_dirs_creates_expected_layout" time="0.003" /><testcase classname="tests.test_desktop_runtime" name="test_model_manifest_loads_assets" time="0.003" /><testcase classname="tests.test_desktop_status_api" name="test_desktop_status_api_local_sqlite" time="0.279" /><testcase classname="tests.test_domain.test_shipment_aggregates.TestShipmentItem" name="test_create_shipment_item_success" time="0.001" /><testcase classname="tests.test_domain.test_shipment_aggregates.TestShipmentItem" name="test_create_shipment_item_empty_name_raises_error" time="0.000" /><testcase classname="tests.test_domain.test_shipment_aggregates.TestShipmentItem" name="test_calculate_amount" time="0.000" /><testcase classname="tests.test_domain.test_shipment_aggregates.TestShipmentItem" name="test_shipment_item_to_dict" time="0.000" /><testcase classname="tests.test_domain.test_shipment_aggregates.TestShipmentItem" name="test_shipment_item_from_dict" time="0.000" /><testcase classname="tests.test_domain.test_shipment_aggregates.TestShipment" name="test_create_shipment" time="0.000" /><testcase classname="tests.test_domain.test_shipment_aggregates.TestShipment" name="test_create_shipment_with_contact_info" time="0.000" /><testcase classname="tests.test_domain.test_shipment_aggregates.TestShipment" name="test_create_shipment_empty_name_raises_error" time="0.000" /><testcase classname="tests.test_domain.test_shipment_aggregates.TestShipment" name="test_add_item" time="0.000" /><testcase classname="tests.test_domain.test_shipment_aggregates.TestShipment" name="test_add_multiple_items_recalculates_totals" time="0.000" /><testcase classname="tests.test_domain.test_shipment_aggregates.TestShipment" name="test_remove_item" time="0.000" /><testcase classname="tests.test_domain.test_shipment_aggregates.TestShipment" name="test_remove_item_invalid_index" time="0.000" /><testcase classname="tests.test_domain.test_shipment_aggregates.TestShipment" name="test_mark_as_printed" time="0.000" /><testcase classname="tests.test_domain.test_shipment_aggregates.TestShipment" name="test_cancel" time="0.001" /><testcase classname="tests.test_domain.test_shipment_aggregates.TestShipment" name="test_is_valid" time="0.000" /><testcase classname="tests.test_domain.test_shipment_aggregates.TestShipment" name="test_shipment_to_dict" time="0.001" /><testcase classname="tests.test_domain.test_value_objects.TestMoney" name="test_create_money_with_positive_amount" time="0.000" /><testcase classname="tests.test_domain.test_value_objects.TestMoney" name="test_create_money_with_zero" time="0.000" /><testcase classname="tests.test_domain.test_value_objects.TestMoney" name="test_create_money_with_negative_raises_error" time="0.001" /><testcase classname="tests.test_domain.test_value_objects.TestMoney" name="test_money_addition" time="0.000" /><testcase classname="tests.test_domain.test_value_objects.TestMoney" name="test_money_addition_different_currency_raises_error" time="0.000" /><testcase classname="tests.test_domain.test_value_objects.TestMoney" name="test_money_multiplication" time="0.000" /><testcase classname="tests.test_domain.test_value_objects.TestMoney" name="test_money_to_yuan_not_applicable_use_float" time="0.000" /><testcase classname="tests.test_domain.test_value_objects.TestMoney" name="test_money_immutability" time="0.000" /><testcase classname="tests.test_domain.test_value_objects.TestQuantity" name="test_create_quantity" time="0.000" /><testcase classname="tests.test_domain.test_value_objects.TestQuantity" name="test_quantity_add_same_unit" time="0.000" /><testcase classname="tests.test_domain.test_value_objects.TestQuantity" name="test_quantity_subtract_would_go_negative_raises" time="0.000" /><testcase classname="tests.test_domain.test_value_objects.TestOrderNumber" name="test_create_order_number" time="0.000" /><testcase classname="tests.test_domain.test_value_objects.TestOrderNumber" name="test_generate_order_number" time="0.000" /><testcase classname="tests.test_domain.test_value_objects.TestOrderNumber" name="test_empty_order_number_raises_error" time="0.001" /><testcase classname="tests.test_domain.test_value_objects.TestOrderNumber" name="test_order_number_str" time="0.000" /><testcase classname="tests.test_domain.test_value_objects.TestContactInfo" name="test_create_contact_info" time="0.001" /><testcase classname="tests.test_domain.test_value_objects.TestContactInfo" name="test_contact_info_minimal" time="0.000" /><testcase classname="tests.test_domain.test_value_objects.TestContactInfo" name="test_contact_info_immutability" time="0.000" /><testcase classname="tests.test_domain.test_value_objects.TestPrice" name="test_create_price" time="0.000" /><testcase classname="tests.test_domain.test_value_objects.TestPrice" name="test_create_price_with_discount" time="0.000" /><testcase classname="tests.test_domain.test_value_objects.TestPrice" name="test_negative_price_raises_error" time="0.000" /><testcase classname="tests.test_domain.test_value_objects.TestPrice" name="test_invalid_discount_rate_raises_error" time="0.000" /><testcase classname="tests.test_domain.test_value_objects.TestPrice" name="test_final_price" time="0.000" /><testcase classname="tests.test_domain.test_value_objects.TestPrice" name="test_calculate_amount" time="0.000" /><testcase classname="tests.test_domain.test_value_objects.TestModelNumber" name="test_create_model_number" time="0.000" /><testcase classname="tests.test_domain.test_value_objects.TestModelNumber" name="test_empty_model_number_raises_error" time="0.000" /><testcase classname="tests.test_domain.test_value_objects.TestModelNumber" name="test_model_number_matches_case_insensitive" time="0.000" /><testcase classname="tests.test_domain.test_value_objects.TestModelNumber" name="test_model_number_not_matches" time="0.000" /><testcase classname="tests.test_domain.test_value_objects.TestModelNumber" name="test_model_number_contains" time="0.000" /><testcase classname="tests.test_domain.test_value_objects.TestModelNumber" name="test_model_number_str" time="0.000" /><testcase classname="tests.test_domain.test_value_objects.TestAddress" name="test_address_round_trip" time="0.000" /><testcase classname="tests.test_edition_policy" name="test_resolve_edition_generic" time="0.001" /><testcase classname="tests.test_edition_policy" name="test_resolve_edition_minimal" time="0.001"><failure message="AssertionError: assert 'full' == 'minimal'&#10;  &#10;  - minimal&#10;  + full">E   AssertionError: assert 'full' == 'minimal'
      
      - minimal
      + full</failure></testcase><testcase classname="tests.test_edition_policy" name="test_legacy_routes_skipped_for_generic" time="0.001"><failure message="assert True is False&#10; +  where True = should_register_host_legacy_routes()">E   assert True is False
     +  where True = should_register_host_legacy_routes()</failure></testcase><testcase classname="tests.test_edition_policy" name="test_legacy_routes_for_full" time="0.001" /><testcase classname="tests.test_edition_policy" name="test_configure_edition_defaults_desktop" time="0.001"><failure message="AssertionError: assert 'full' == 'generic'&#10;  &#10;  - generic&#10;  + full">E   AssertionError: assert 'full' == 'generic'
      
      - generic
      + full</failure></testcase><testcase classname="tests.test_edition_policy" name="test_seed_skips_existing" time="0.125" /><testcase classname="tests.test_edition_policy" name="test_decoupling_adcdfg_complete" time="0.039" /><testcase classname="tests.test_edition_policy" name="test_bootstrap_edition_pack_smoke" time="0.179"><failure message="AssertionError: assert 12 == 3&#10; +  where 3 = len(('xcagi-planner-bridge', 'xcagi-neuro-bus-bridge', 'xcagi-office-employee-pack-bridge'))">E   AssertionError: assert 12 == 3
     +  where 3 = len(('xcagi-planner-bridge', 'xcagi-neuro-bus-bridge', 'xcagi-office-employee-pack-bridge'))</failure></testcase><testcase classname="tests.test_employee_pack_bridge_mod" name="test_office_catalog_file" time="0.001" /><testcase classname="tests.test_employee_pack_bridge_mod" name="test_list_office_pack_catalog" time="0.000" /><testcase classname="tests.test_employee_pack_bridge_mod" name="test_decoupling_progress_payload" time="0.028" /><testcase classname="tests.test_erp_customers_facade" name="test_manifest_customers_via_service" time="0.000" /><testcase classname="tests.test_erp_customers_facade" name="test_customers_list_via_service" time="0.001" /><testcase classname="tests.test_erp_customers_facade" name="test_blueprints_wechat_contacts_proxy" time="0.001" /><testcase classname="tests.test_erp_domain_mod" name="test_erp_domain_mod_manifest" time="0.000" /><testcase classname="tests.test_erp_domain_mod" name="test_erp_domains_config" time="0.000" /><testcase classname="tests.test_erp_domain_mod" name="test_blueprints_has_products_and_wechat" time="0.000" /><testcase classname="tests.test_erp_domain_mod" name="test_list_erp_domains_registry_host" time="0.001" /><testcase classname="tests.test_erp_domain_mod" name="test_list_erp_domains_registry_mod_facade" time="0.001" /><testcase classname="tests.test_erp_domain_mod" name="test_resolve_host_api_path" time="0.000" /><testcase classname="tests.test_erp_domain_mod" name="test_platform_shell_includes_erp_bridge" time="0.000" /><testcase classname="tests.test_erp_domain_mod" name="test_manifest_mod_domain_handlers" time="0.001"><failure message="AssertionError: assert 'O+' in ('L', 'L+', 'K+')&#10; +  where 'O+' = &lt;built-in method get of dict object at 0x0000023081FFEDC0&gt;('phase')&#10; +    where &lt;built-in method get of dict object at 0x0000023081FFEDC0&gt; = {'customers_via_service': True, 'erp_domain_facade': True, 'erp_domains': {'facade_enabled': True}, 'erp_extended_pages': True, ...}.get&#10; +      where {'customers_via_service': True, 'erp_domain_facade': True, 'erp_domains': {'facade_enabled': True}, 'erp_extended_pages': True, ...} = &lt;built-in method get of dict object at 0x0000023081FD1D40&gt;('config', {})&#10; +        where &lt;built-in method get of dict object at 0x0000023081FD1D40&gt; = {'author': '成都修茈科技有限公司', 'backend': {'entry': 'blueprints', 'init': 'mod_init'}, 'comms': {'exports': []}, 'config': {...vice': True, 'erp_domain_facade': True, 'erp_domains': {'facade_enabled': True}, 'erp_extended_pages': True, ...}, ...}.get">E   AssertionError: assert 'O+' in ('L', 'L+', 'K+')
     +  where 'O+' = &lt;built-in method get of dict object at 0x0000023081FFEDC0&gt;('phase')
     +    where &lt;built-in method get of dict object at 0x0000023081FFEDC0&gt; = {'customers_via_service': True, 'erp_domain_facade': True, 'erp_domains': {'facade_enabled': True}, 'erp_extended_pages': True, ...}.get
     +      where {'customers_via_service': True, 'erp_domain_facade': True, 'erp_domains': {'facade_enabled': True}, 'erp_extended_pages': True, ...} = &lt;built-in method get of dict object at 0x0000023081FD1D40&gt;('config', {})
     +        where &lt;built-in method get of dict object at 0x0000023081FD1D40&gt; = {'author': '成都修茈科技有限公司', 'backend': {'entry': 'blueprints', 'init': 'mod_init'}, 'comms': {'exports': []}, 'config': {...vice': True, 'erp_domain_facade': True, 'erp_domains': {'facade_enabled': True}, 'erp_extended_pages': True, ...}, ...}.get</failure></testcase><testcase classname="tests.test_erp_domain_mod" name="test_domain_handlers_products_list" time="0.001" /><testcase classname="tests.test_erp_domain_mod" name="test_domain_handlers_shipment_records" time="0.000" /><testcase classname="tests.test_erp_domain_mod" name="test_try_invoke_products_list" time="5.102" /><testcase classname="tests.test_erp_domain_mod" name="test_registry_phase_g_domains" time="0.000" /><testcase classname="tests.test_erp_domain_mod" name="test_domain_handlers_customers_list" time="0.000" /><testcase classname="tests.test_erp_domain_mod" name="test_domain_handlers_wechat_contacts" time="0.000" /><testcase classname="tests.test_erp_pages_compat" name="test_erp_pages_registry_physical" time="0.003" /><testcase classname="tests.test_erp_products_facade" name="test_manifest_products_via_service" time="0.001" /><testcase classname="tests.test_erp_products_facade" name="test_products_list_via_service" time="0.001" /><testcase classname="tests.test_erp_products_facade" name="test_domain_handlers_products_list_uses_service" time="0.000" /><testcase classname="tests.test_erp_products_facade" name="test_products_delete_via_service" time="0.000" /><testcase classname="tests.test_erp_repository_registry" name="test_manifest_repository_via_mod" time="0.001" /><testcase classname="tests.test_erp_repository_registry" name="test_repository_providers_return_adapter" time="0.001" /><testcase classname="tests.test_erp_repository_registry" name="test_resolve_products_repository_host_path" time="0.000" /><testcase classname="tests.test_erp_repository_registry" name="test_resolve_products_repository_mod_path" time="0.001" /><testcase classname="tests.test_erp_repository_registry" name="test_repository_adapters_module" time="0.000" /><testcase classname="tests.test_erp_repository_registry" name="test_list_erp_repository_registry_mod" time="0.001" /><testcase classname="tests.test_erp_repository_registry" name="test_resolve_customers_session_mod_path" time="0.001" /><testcase classname="tests.test_erp_repository_registry" name="test_repository_factory_bundle" time="0.000" /><testcase classname="tests.test_fastapi_cors_origins" name="test_resolve_cors_strips_wildcard" time="0.000" /><testcase classname="tests.test_fastapi_cors_origins" name="test_resolve_cors_only_star_uses_defaults" time="0.000" /><testcase classname="tests.test_host_foundation" name="test_bridge_hidden_from_store" time="0.000" /><testcase classname="tests.test_host_foundation" name="test_host_foundation_catalog_row" time="0.000" /><testcase classname="tests.test_host_foundation" name="test_is_host_foundation_employee_pack" time="0.000" /><testcase classname="tests.test_infrastructure.test_pg_vector_store.TestPgVectorStoreDDL" name="test_excel_chunks_ddl_landed" time="0.003" /><testcase classname="tests.test_infrastructure.test_pg_vector_store.TestPgVectorStoreDDL" name="test_user_memory_ddl_landed" time="0.292" /><testcase classname="tests.test_infrastructure.test_pg_vector_store.TestPgVectorStoreDDL" name="test_cosine_distance_operator_used_in_query" time="0.003" /><testcase classname="tests.test_infrastructure.test_pg_vector_store.TestVectorStorePortImplementation" name="test_port_methods_present" time="0.000" /><testcase classname="tests.test_infrastructure.test_pg_vector_store.TestExcelVectorAppServiceWiring" name="test_default_factory_prefers_pgvector" time="0.001" /><testcase classname="tests.test_infrastructure.test_shipment_document_generator.TestLegacyShipmentDocumentGenerator" name="test_generate_success" time="5.085"><failure message="sqlalchemy.exc.OperationalError: (psycopg.errors.ConnectionTimeout) connection timeout expired&#10;(Background on this error at: https://sqlalche.me/e/20/e3q8)">E   psycopg.errors.ConnectionTimeout: connection timeout expired

The above exception was the direct cause of the following exception:
E   sqlalchemy.exc.OperationalError: (psycopg.errors.ConnectionTimeout) connection timeout expired
    (Background on this error at: https://sqlalche.me/e/20/e3q8)</failure></testcase><testcase classname="tests.test_infrastructure.test_shipment_document_generator.TestLegacyShipmentDocumentGenerator" name="test_generate_unit_not_found" time="0.001" /><testcase classname="tests.test_infrastructure.test_sqlite_templates_legacy" name="test_sqlite_legacy_models_have_tablenames" time="0.001" /><testcase classname="tests.test_infrastructure_repositories" name="test_filesystem_template_store_legacy_list" time="0.007" /><testcase classname="tests.test_infrastructure_repositories" name="test_password_hash_roundtrip" time="0.367" /><testcase classname="tests.test_infrastructure_repositories" name="test_rate_limiter_memory_backend" time="0.000" /><testcase classname="tests.test_lan_bridge_mod" name="test_lan_manifest_facade_flag" time="0.001" /><testcase classname="tests.test_lan_bridge_mod" name="test_lan_blueprints_delegate_routes" time="0.001" /><testcase classname="tests.test_lan_bridge_mod" name="test_list_lan_facade_registry_mod" time="0.000" /><testcase classname="tests.test_lan_bridge_mod" name="test_platform_shell_lists_lan_facade" time="0.000" /><testcase classname="tests.test_lan_pages_compat" name="test_lan_manifest_pages_flag" time="0.001" /><testcase classname="tests.test_legacy_auth_account_kind" name="test_管理员账号走管理员入口成功" time="0.008" /><testcase classname="tests.test_legacy_auth_account_kind" name="test_管理员账号走企业入口返回_403" time="0.008" /><testcase classname="tests.test_legacy_auth_account_kind" name="test_企业账号走企业入口成功" time="0.008" /><testcase classname="tests.test_legacy_auth_account_kind" name="test_非管理员账号走管理员入口返回_403[True-False]" time="0.011" /><testcase classname="tests.test_legacy_auth_account_kind" name="test_非管理员账号走管理员入口返回_403[False-False]" time="0.009" /><testcase classname="tests.test_legacy_auth_account_kind" name="test_市场不可达时管理员入口不创建本地会话" time="0.008" /><testcase classname="tests.test_middleware_rate_limit" name="test_auth_rate_limit_returns_429" time="0.011" /><testcase classname="tests.test_middleware_rate_limit" name="test_global_rate_limit_returns_429" time="0.012" /><testcase classname="tests.test_mobile_api" name="test_mobile_health" time="0.263" /><testcase classname="tests.test_mobile_api" name="test_mobile_discover_hint" time="0.241" /><testcase classname="tests.test_mobile_api" name="test_mobile_login_invalid" time="0.265" /><testcase classname="tests.test_mobile_api_extensions" name="test_pairing_issue_and_exchange" time="0.275" /><testcase classname="tests.test_mobile_api_extensions" name="test_mobile_mods_requires_auth" time="0.638" /><testcase classname="tests.test_mod_database_isolation" name="test_postgres_active_mod_database_url_suffix" time="0.002" /><testcase classname="tests.test_mod_database_isolation" name="test_session_factories_are_cached_per_resolved_database_url" time="0.008" /><testcase classname="tests.test_mod_database_isolation" name="test_mod_context_middleware_infers_active_mod_from_api_path" time="0.002" /><testcase classname="tests.test_mod_database_isolation" name="test_mod_context_header_takes_priority_over_path" time="0.002" /><testcase classname="tests.test_mod_physical_view_imports" name="test_all_mod_physical_views_use_alias_imports" time="0.008" /><testcase classname="tests.test_mod_views_compat" name="test_physical_views_on_disk" time="0.002" /><testcase classname="tests.test_mod_views_compat" name="test_list_mod_physical_views_registry" time="0.003" /><testcase classname="tests.test_mod_views_compat" name="test_customer_service_pages_registry_physical" time="0.001" /><testcase classname="tests.test_model_payment_bridge_mod" name="test_model_payment_manifest_facade_flag" time="0.001" /><testcase classname="tests.test_model_payment_bridge_mod" name="test_model_payment_blueprints_delegate_routes" time="0.001" /><testcase classname="tests.test_model_payment_bridge_mod" name="test_list_model_payment_facade_registry_mod" time="0.001" /><testcase classname="tests.test_model_payment_bridge_mod" name="test_platform_shell_lists_model_payment_facade" time="0.000" /><testcase classname="tests.test_model_payment_pages_compat" name="test_model_payment_pages_registry_physical" time="0.005" /><testcase classname="tests.test_mods_list_etag" name="test_mods_list_supports_etag_304" time="0.319" /><testcase classname="tests.test_neuro_application_hooks" name="test_neuro_trace_app_service_call_invokes_publish" time="0.002" /><testcase classname="tests.test_neuro_application_hooks" name="test_bump_domain_handler_metric_respects_flag" time="0.001" /><testcase classname="tests.test_neuro_bus_bridge_mod" name="test_neuro_bus_manifest_facade_flag" time="0.002" /><testcase classname="tests.test_neuro_bus_bridge_mod" name="test_neuro_bus_blueprints_delegate" time="0.001" /><testcase classname="tests.test_neuro_bus_bridge_mod" name="test_list_neuro_bus_facade_registry" time="0.010"><failure message="AssertionError: assert 'mod_bus_runtime' == 'mod_facade'&#10;  &#10;  - mod_facade&#10;  + mod_bus_runtime">E   AssertionError: assert 'mod_bus_runtime' == 'mod_facade'
      
      - mod_facade
      + mod_bus_runtime</failure></testcase><testcase classname="tests.test_neuro_bus_core.TestPriorityEventQueue" name="test_put_and_get" time="0.001" /><testcase classname="tests.test_neuro_bus_core.TestPriorityEventQueue" name="test_priority_ordering" time="0.001" /><testcase classname="tests.test_neuro_bus_core.TestPriorityEventQueue" name="test_duplicate_event_id_reminted" time="0.001" /><testcase classname="tests.test_neuro_bus_core.TestPriorityEventQueue" name="test_queue_full_drops_low_priority" time="0.001" /><testcase classname="tests.test_neuro_bus_core.TestPriorityEventQueue" name="test_peek_does_not_remove" time="0.000" /><testcase classname="tests.test_neuro_bus_core.TestPriorityEventQueue" name="test_clear" time="0.000" /><testcase classname="tests.test_neuro_bus_core.TestPriorityEventQueue" name="test_get_from_empty_returns_none" time="0.000" /><testcase classname="tests.test_neuro_bus_core.TestHandlerSubscription" name="test_should_handle_no_filter" time="0.000" /><testcase classname="tests.test_neuro_bus_core.TestHandlerSubscription" name="test_should_handle_with_filter" time="0.000" /><testcase classname="tests.test_neuro_bus_core.TestHandlerSubscription" name="test_record_call_stats" time="0.000" /><testcase classname="tests.test_neuro_bus_core.TestNeuroBusPublishSubscribe" name="test_subscribe_and_publish" time="0.321" /><testcase classname="tests.test_neuro_bus_core.TestNeuroBusPublishSubscribe" name="test_async_handler" time="0.310" /><testcase classname="tests.test_neuro_bus_core.TestNeuroBusPublishSubscribe" name="test_multiple_handlers" time="0.309" /><testcase classname="tests.test_neuro_bus_core.TestNeuroBusPublishSubscribe" name="test_domain_isolation" time="0.311" /><testcase classname="tests.test_neuro_bus_core.TestNeuroBusPublishSubscribe" name="test_unsubscribe" time="0.215" /><testcase classname="tests.test_neuro_bus_core.TestNeuroBusMetrics" name="test_published_count" time="0.002"><failure message="assert False&#10; +  where False = publish(NeuroEvent(test.event, priority=NORMAL, domain=test))&#10; +    where publish = &lt;app.neuro_bus.bus.NeuroBus object at 0x00000230815DD0D0&gt;.publish&#10; +    and   NeuroEvent(test.event, priority=NORMAL, domain=test) = _make_event()">E   assert False
     +  where False = publish(NeuroEvent(test.event, priority=NORMAL, domain=test))
     +    where publish = &lt;app.neuro_bus.bus.NeuroBus object at 0x00000230815DD0D0&gt;.publish
     +    and   NeuroEvent(test.event, priority=NORMAL, domain=test) = _make_event()</failure></testcase><testcase classname="tests.test_neuro_bus_core.TestEventMetadata" name="test_default_values" time="0.001" /><testcase classname="tests.test_neuro_bus_core.TestEventMetadata" name="test_to_dict" time="0.003" /><testcase classname="tests.test_neuro_bus_core.TestEventPriority" name="test_ordering" time="0.001" /><testcase classname="tests.test_neuro_bus_event_loop" name="test_neurobus_wakeup_latency" time="0.006" /><testcase classname="tests.test_neuro_bus_handler_registry" name="test_handler_catalog_has_core_domains" time="0.002" /><testcase classname="tests.test_neuro_bus_handler_registry" name="test_handler_providers_list_specs" time="0.001" /><testcase classname="tests.test_neuro_bus_handler_registry" name="test_handlers_via_mod_env" time="0.001" /><testcase classname="tests.test_neuro_bus_handler_registry" name="test_list_neuro_bus_handler_registry" time="0.005" /><testcase classname="tests.test_neuro_bus_handler_registry" name="test_register_all_domain_handlers_registers_existing_modules" time="0.016" /><testcase classname="tests.test_neuro_bus_reliability_env" name="test_neuro_env_flag_parsing[1-True]" time="0.001" /><testcase classname="tests.test_neuro_bus_reliability_env" name="test_neuro_env_flag_parsing[true-True]" time="0.001" /><testcase classname="tests.test_neuro_bus_reliability_env" name="test_neuro_env_flag_parsing[yes-True]" time="0.001" /><testcase classname="tests.test_neuro_bus_reliability_env" name="test_neuro_env_flag_parsing[on-True]" time="0.001" /><testcase classname="tests.test_neuro_bus_reliability_env" name="test_neuro_env_flag_parsing[0-False]" time="0.001" /><testcase classname="tests.test_neuro_bus_reliability_env" name="test_neuro_env_flag_parsing[-False]" time="0.001" /><testcase classname="tests.test_neuro_bus_reliability_env" name="test_neuro_env_flag_parsing[off-False]" time="0.001" /><testcase classname="tests.test_neuro_bus_reliability_env" name="test_staging_defaults_enable_dedup_and_circuit" time="0.001" /><testcase classname="tests.test_neuro_bus_reliability_env" name="test_production_profile_all_reliability_layers" time="0.001" /><testcase classname="tests.test_neuro_bus_reliability_env" name="test_get_reliability_status_includes_sla_log" time="0.001" /><testcase classname="tests.test_neuro_bus_reliability_env" name="test_explicit_off_overrides_staging" time="0.001" /><testcase classname="tests.test_neuro_bus_reliability_env" name="test_neuro_bus_enables_dedup_when_env_set" time="0.001" /><testcase classname="tests.test_neuro_bus_reliability_env" name="test_neuro_bus_enables_circuit_when_env_set" time="0.001" /><testcase classname="tests.test_neuro_bus_reliability_env" name="test_neuro_bus_enables_tracer_when_env_set" time="0.001" /><testcase classname="tests.test_neuro_bus_reliability_env" name="test_handler_failure_enqueues_dlq_when_dlq_auto_env" time="0.005" /><testcase classname="tests.test_neuro_bus_reliability_env" name="test_handler_failure_skips_dlq_when_dlq_auto_off" time="0.003" /><testcase classname="tests.test_neuro_bus_runtime" name="test_neuro_bus_manifest_runtime_phase" time="0.001" /><testcase classname="tests.test_neuro_bus_runtime" name="test_create_bus_runtime_bundle" time="0.001" /><testcase classname="tests.test_neuro_bus_runtime" name="test_list_neuro_bus_facade_registry_runtime_path" time="0.009" /><testcase classname="tests.test_neuro_bus_runtime" name="test_publish_neuro_event_runtime_host_path" time="0.000" /><testcase classname="tests.test_neuro_bus_runtime" name="test_run_lifespan_setup_host_path" time="0.002" /><testcase classname="tests.test_neuro_bus_runtime" name="test_get_neuro_bus_health_runtime_no_recursion" time="0.000" /><testcase classname="tests.test_neuro_migration_smoke" name="test_migration_smoke_route" time="0.006" /><testcase classname="tests.test_neuro_migration_smoke" name="test_health_includes_neuro" time="2.969" /><testcase classname="tests.test_neuro_migration_smoke" name="test_neurobus_health_route" time="2.949" /><testcase classname="tests.test_neuro_migration_smoke" name="test_http_trace_increments_bus_published" time="5.123"><failure message="RuntimeError: 数据库初始化失败：请确认 PostgreSQL 已启动且 DATABASE_URL 可连通。">E   psycopg.errors.ConnectionTimeout: connection timeout expired

The above exception was the direct cause of the following exception:
E   sqlalchemy.exc.OperationalError: (psycopg.errors.ConnectionTimeout) connection timeout expired
    (Background on this error at: https://sqlalche.me/e/20/e3q8)

The above exception was the direct cause of the following exception:
E   RuntimeError: 数据库初始化失败：请确认 PostgreSQL 已启动且 DATABASE_URL 可连通。</failure></testcase><testcase classname="tests.test_neuro_migration_smoke" name="test_http_trace_skipped_when_neuro_stack_off" time="5.119"><failure message="RuntimeError: 数据库初始化失败：请确认 PostgreSQL 已启动且 DATABASE_URL 可连通。">E   psycopg.errors.ConnectionTimeout: connection timeout expired

The above exception was the direct cause of the following exception:
E   sqlalchemy.exc.OperationalError: (psycopg.errors.ConnectionTimeout) connection timeout expired
    (Background on this error at: https://sqlalche.me/e/20/e3q8)

The above exception was the direct cause of the following exception:
E   RuntimeError: 数据库初始化失败：请确认 PostgreSQL 已启动且 DATABASE_URL 可连通。</failure></testcase><testcase classname="tests.test_neuro_plan" name="test_register_all_neuro_domains_includes_shipment" time="0.008" /><testcase classname="tests.test_neuro_plan" name="test_neuro_uow_runs_session" time="5.084"><failure message="sqlalchemy.exc.OperationalError: (psycopg.errors.ConnectionTimeout) connection timeout expired&#10;(Background on this error at: https://sqlalche.me/e/20/e3q8)">E   psycopg.errors.ConnectionTimeout: connection timeout expired

The above exception was the direct cause of the following exception:
E   sqlalchemy.exc.OperationalError: (psycopg.errors.ConnectionTimeout) connection timeout expired
    (Background on this error at: https://sqlalche.me/e/20/e3q8)</failure></testcase><testcase classname="tests.test_neuro_plan" name="test_coordinator_exception_triggers_emit_intent_event" time="0.012" /><testcase classname="tests.test_neuro_plan" name="test_neuro_domains_package_imports" time="0.002" /><testcase classname="tests.test_openapi_consistency" name="test_openapi_and_routes_are_consistent" time="0.042"><failure message="pydantic.errors.PydanticUserError: `TypeAdapter[typing.Annotated[ForwardRef('IssueKeyRequest'), Body(PydanticUndefined)]]` is not fully defined; you should define `typing.Annotated[ForwardRef('IssueKeyRequest'), Body(PydanticUndefined)]` and all referenced types, then call `.rebuild()` on the instance.&#10;&#10;For further information visit https://errors.pydantic.dev/2.12/u/class-not-fully-defined">E   pydantic.errors.PydanticUserError: `TypeAdapter[typing.Annotated[ForwardRef('IssueKeyRequest'), Body(PydanticUndefined)]]` is not fully defined; you should define `typing.Annotated[ForwardRef('IssueKeyRequest'), Body(PydanticUndefined)]` and all referenced types, then call `.rebuild()` on the instance.
    
    For further information visit https://errors.pydantic.dev/2.12/u/class-not-fully-defined</failure></testcase><testcase classname="tests.test_openapi_consistency" name="test_openapi_schema_builds_without_pydantic_errors" time="0.025"><failure message="pydantic.errors.PydanticUserError: `TypeAdapter[typing.Annotated[ForwardRef('IssueKeyRequest'), Body(PydanticUndefined)]]` is not fully defined; you should define `typing.Annotated[ForwardRef('IssueKeyRequest'), Body(PydanticUndefined)]` and all referenced types, then call `.rebuild()` on the instance.&#10;&#10;For further information visit https://errors.pydantic.dev/2.12/u/class-not-fully-defined">E   pydantic.errors.PydanticUserError: `TypeAdapter[typing.Annotated[ForwardRef('IssueKeyRequest'), Body(PydanticUndefined)]]` is not fully defined; you should define `typing.Annotated[ForwardRef('IssueKeyRequest'), Body(PydanticUndefined)]` and all referenced types, then call `.rebuild()` on the instance.
    
    For further information visit https://errors.pydantic.dev/2.12/u/class-not-fully-defined</failure></testcase><testcase classname="tests.test_order_parse_voice" name="test_parse_order_text_voice_shipment_generate" time="0.008" /><testcase classname="tests.test_order_parse_voice" name="test_intent_recognition_shipment_generate_from_voice_style" time="0.001" /><testcase classname="tests.test_order_parse_voice" name="test_parse_order_text_missing_bucket_should_ask" time="0.001" /><testcase classname="tests.test_order_parse_voice" name="test_intent_recognition_print_model_spec_missing_bucket" time="5.197"><failure message="AssertionError: assert None == 'shipment_generate'">E   AssertionError: assert None == 'shipment_generate'</failure></testcase><testcase classname="tests.test_order_parse_voice" name="test_parse_order_text_colloquial_any_order" time="0.002" /><testcase classname="tests.test_order_parse_voice" name="test_parse_order_text_missing_spec_should_ask" time="0.001" /><testcase classname="tests.test_order_parse_voice" name="test_intent_recognition_colloquial_should_prefer_shipment" time="0.101" /><testcase classname="tests.test_order_parse_voice" name="test_parse_order_text_colloquial_qty_verbs_should_succeed[\u53d1\u8d27\u5355\u4e03\u5f69\u4e50\u56ed9803\u89c4\u683c12\u89813\u6876]" time="0.001" /><testcase classname="tests.test_order_parse_voice" name="test_parse_order_text_colloquial_qty_verbs_should_succeed[\u53d1\u8d27\u5355\u4e03\u5f69\u4e50\u56ed9803\u89c4\u683c12\u67653\u6876]" time="0.001" /><testcase classname="tests.test_planner_mod_facade" name="test_planner_mod_manifest_facade" time="0.001" /><testcase classname="tests.test_planner_mod_facade" name="test_planner_blueprints_exposes_chat_routes" time="0.000" /><testcase classname="tests.test_planner_mod_facade" name="test_mod_sdk_planner_compat_exports" time="0.002" /><testcase classname="tests.test_planner_mod_facade" name="test_list_planner_tools_registry" time="0.013" /><testcase classname="tests.test_planner_mod_facade" name="test_planner_compat_service_importable" time="0.000" /><testcase classname="tests.test_planner_native_tools" name="test_planner_excel_tools_manifest" time="0.001" /><testcase classname="tests.test_planner_native_tools" name="test_tool_handlers_chart_recommend" time="0.001" /><testcase classname="tests.test_planner_native_tools" name="test_try_execute_native_chart" time="0.000" /><testcase classname="tests.test_planner_native_tools" name="test_native_excel_join_compare_diff" time="0.157" /><testcase classname="tests.test_planner_native_tools" name="test_native_excel_analysis_delegates" time="0.001" /><testcase classname="tests.test_planner_native_tools" name="test_native_generate_office_document" time="0.001" /><testcase classname="tests.test_planner_native_tools" name="test_native_import_excel_requires_token_message" time="0.001" /><testcase classname="tests.test_planner_native_tools" name="test_native_products_bulk_import_dry_run" time="0.002" /><testcase classname="tests.test_planner_native_tools" name="test_native_products_bulk_import_unauthorized" time="0.001" /><testcase classname="tests.test_planner_native_tools" name="test_native_excel_vector_index" time="0.031" /><testcase classname="tests.test_planner_native_tools" name="test_workflow_excel_vector_index_fallback" time="0.021" /><testcase classname="tests.test_planner_native_tools" name="test_workflow_delegates_chart_to_native" time="0.001" /><testcase classname="tests.test_planner_pages_compat" name="test_planner_manifest_pages" time="0.001" /><testcase classname="tests.test_planner_pages_compat" name="test_list_planner_pages_registry" time="0.001"><failure message="AssertionError: assert 4 == 3&#10; +  where 4 = &lt;built-in method get of dict object at 0x0000023081ABB4C0&gt;('page_count')&#10; +    where &lt;built-in method get of dict object at 0x0000023081ABB4C0&gt; = {'chat_host_path': '/', 'chat_mod_path': '/mod/xcagi-planner-bridge/chat', 'chat_via_mod': True, 'component_source': 'mod.frontend.views (P physical)', ...}.get">E   AssertionError: assert 4 == 3
     +  where 4 = &lt;built-in method get of dict object at 0x0000023081ABB4C0&gt;('page_count')
     +    where &lt;built-in method get of dict object at 0x0000023081ABB4C0&gt; = {'chat_host_path': '/', 'chat_mod_path': '/mod/xcagi-planner-bridge/chat', 'chat_via_mod': True, 'component_source': 'mod.frontend.views (P physical)', ...}.get</failure></testcase><testcase classname="tests.test_planner_pages_compat" name="test_planner_pages_registry_physical" time="0.001" /><testcase classname="tests.test_planner_tools_dispatch" name="test_planner_excel_tools_manifest_execution_owner" time="0.001" /><testcase classname="tests.test_planner_tools_dispatch" name="test_execute_workflow_tool_delegates_to_native_first" time="0.000" /><testcase classname="tests.test_planner_tools_dispatch" name="test_resolve_executor_facade_vs_host" time="0.006" /><testcase classname="tests.test_planner_tools_dispatch" name="test_execute_planner_tool_from_body_mod_native_path" time="0.005" /><testcase classname="tests.test_planner_tools_mod" name="test_planner_mod_manifest_tools_execution_flag" time="0.001" /><testcase classname="tests.test_planner_tools_mod" name="test_planner_tools_config_file" time="0.001" /><testcase classname="tests.test_planner_tools_mod" name="test_planner_blueprints_tools_execute_route" time="0.000" /><testcase classname="tests.test_planner_tools_mod" name="test_list_planner_tools_registry_detail_host_path" time="0.003" /><testcase classname="tests.test_planner_tools_mod" name="test_list_planner_tools_registry_detail_mod_facade" time="0.003" /><testcase classname="tests.test_planner_tools_mod" name="test_execute_planner_tool_from_body_missing_name" time="0.000" /><testcase classname="tests.test_planner_tools_mod" name="test_execute_planner_tool_excel_chart_recommend" time="0.004" /><testcase classname="tests.test_planner_tools_mod" name="test_resolve_planner_tool_executor_env" time="0.005" /><testcase classname="tests.test_platform_shell" name="test_build_platform_shell_payload" time="0.000" /><testcase classname="tests.test_platform_shell" name="test_build_platform_shell_generic_edition" time="0.001"><failure message="AssertionError: assert 'full' == 'generic'&#10;  &#10;  - generic&#10;  + full">E   AssertionError: assert 'full' == 'generic'
      
      - generic
      + full</failure></testcase><testcase classname="tests.test_platform_shell" name="test_build_platform_shell_minimal_edition" time="0.001"><failure message="AssertionError: assert 'full' == 'minimal'&#10;  &#10;  - minimal&#10;  + full">E   AssertionError: assert 'full' == 'minimal'
      
      - minimal
      + full</failure></testcase><testcase classname="tests.test_product_skus" name="test_enterprise_includes_erp" time="0.000" /><testcase classname="tests.test_product_skus" name="test_personal_blocks_erp" time="0.001" /><testcase classname="tests.test_product_skus" name="test_enterprise_allows_erp" time="0.001" /><testcase classname="tests.test_product_skus" name="test_bootstrap_edition_blocked_for_personal" time="0.001" /><testcase classname="tests.test_product_skus" name="test_bundled_mod_ids_for_sku" time="0.001" /><testcase classname="tests.test_product_skus" name="test_sku_constants_follow_host_profiles[personal-constant_ids0]" time="0.001" /><testcase classname="tests.test_product_skus" name="test_sku_constants_follow_host_profiles[enterprise-constant_ids1]" time="0.001" /><testcase classname="tests.test_routes.test_ai_chat" name="test_ai_test_endpoint" time="0.085" /><testcase classname="tests.test_routes.test_ai_chat" name="test_intent_test_success" time="0.108" /><testcase classname="tests.test_routes.test_ai_chat" name="test_intent_test_empty_message" time="0.100" /><testcase classname="tests.test_routes.test_ai_chat" name="test_intent_test_missing_message" time="0.081" /><testcase classname="tests.test_routes.test_ai_chat" name="test_intent_test_recognizer_raises" time="0.083" /><testcase classname="tests.test_routes.test_ai_chat" name="test_chat_unified_success" time="0.101" /><testcase classname="tests.test_routes.test_ai_chat" name="test_chat_unified_passes_user_id_and_source" time="0.458" /><testcase classname="tests.test_routes.test_ai_chat" name="test_chat_unified_empty_message" time="0.113" /><testcase classname="tests.test_routes.test_ai_chat" name="test_chat_unified_missing_message" time="0.111" /><testcase classname="tests.test_routes.test_ai_chat" name="test_chat_unified_respects_explicit_http_status" time="0.115" /><testcase classname="tests.test_routes.test_ai_chat" name="test_chat_unified_get_is_not_allowed" time="0.109" /><testcase classname="tests.test_routes.test_ai_chat" name="test_chat_unified_batch_empty" time="0.108" /><testcase classname="tests.test_routes.test_ai_chat" name="test_chat_unified_batch_too_many" time="0.096" /><testcase classname="tests.test_routes.test_ai_chat" name="test_chat_unified_batch_success" time="0.118" /><testcase classname="tests.test_routes.test_ai_chat" name="test_ai_test_response_is_json" time="0.092" /><testcase classname="tests.test_routes.test_health_capabilities" name="test_health_details_shape" time="20.104" /><testcase classname="tests.test_routes.test_health_capabilities" name="test_capabilities_endpoint_contract" time="0.059" /><testcase classname="tests.test_routes.test_materials" name="test_add_material_success" time="0.018" /><testcase classname="tests.test_routes.test_materials" name="test_add_material_empty_name" time="0.012" /><testcase classname="tests.test_routes.test_materials" name="test_add_material_missing_name" time="0.010" /><testcase classname="tests.test_routes.test_materials" name="test_add_material_propagates_min_quantity_to_min_stock" time="0.011" /><testcase classname="tests.test_routes.test_materials" name="test_add_material_invalid_json" time="0.008" /><testcase classname="tests.test_routes.test_materials" name="test_get_materials_success" time="0.011" /><testcase classname="tests.test_routes.test_materials" name="test_get_materials_with_search" time="0.011" /><testcase classname="tests.test_routes.test_materials" name="test_get_materials_pagination_bounds[1-20-1-20]" time="0.011" /><testcase classname="tests.test_routes.test_materials" name="test_get_materials_pagination_bounds[0-10-1-10]" time="0.009" /><testcase classname="tests.test_routes.test_materials" name="test_get_materials_pagination_bounds[-1--10-1-20]" time="0.010" /><testcase classname="tests.test_routes.test_materials" name="test_get_materials_pagination_bounds[3-50-3-50]" time="0.012" /><testcase classname="tests.test_routes.test_materials" name="test_get_materials_invalid_param_type_returns_422" time="0.009" /><testcase classname="tests.test_routes.test_materials" name="test_get_materials_with_sql_injection_attempt" time="0.012" /><testcase classname="tests.test_routes.test_materials" name="test_update_material_success" time="0.013" /><testcase classname="tests.test_routes.test_materials" name="test_update_material_partial_applies_fields" time="0.011" /><testcase classname="tests.test_routes.test_materials" name="test_update_material_string_id_returns_404_or_422" time="0.011" /><testcase classname="tests.test_routes.test_materials" name="test_delete_material_success" time="0.011" /><testcase classname="tests.test_routes.test_materials" name="test_delete_material_string_id_returns_404_or_422" time="0.012" /><testcase classname="tests.test_routes.test_materials" name="test_batch_delete_success" time="0.013" /><testcase classname="tests.test_routes.test_materials" name="test_batch_delete_empty_ids" time="0.016" /><testcase classname="tests.test_routes.test_materials" name="test_batch_delete_missing_ids" time="0.015" /><testcase classname="tests.test_routes.test_materials" name="test_batch_delete_with_non_numeric_ids_are_filtered" time="0.014" /><testcase classname="tests.test_routes.test_materials" name="test_batch_delete_prefers_material_ids_over_ids" time="0.014" /><testcase classname="tests.test_routes.test_materials" name="test_low_stock_default" time="0.017" /><testcase classname="tests.test_routes.test_materials" name="test_low_stock_with_threshold" time="0.019" /><testcase classname="tests.test_routes.test_materials" name="test_low_stock_invalid_threshold_returns_422" time="0.021" /><testcase classname="tests.test_routes.test_materials" name="test_export_materials_failure_path" time="0.023" /><testcase classname="tests.test_routes.test_materials" name="test_materials_response_is_json" time="0.026" /><testcase classname="tests.test_routes.test_mods_routes" name="test_list_mods_accepts_no_trailing_slash" time="0.017"><failure message="assert {'data': [], ...ccess': False} == {'data': [{'i...uccess': True}&#10;  &#10;  Differing items:&#10;  {'data': []} != {'data': [{'id': 'demo-mod', 'name': 'Demo Mod'}]}&#10;  {'success': False} != {'success': True}&#10;  Left contains 2 more items:&#10;  {'error': &quot;'_FakeModManager' object has no attribute '_mods_scan_fingerprint'&quot;,&#10;   'message': &quot;'_FakeModManager' object has no attribute &quot;&#10;              &quot;'_mods_scan_fingerprint'&quot;}&#10;  Use -v to get more diff">E   assert {'data': [], ...ccess': False} == {'data': [{'i...uccess': True}
      
      Differing items:
      {'data': []} != {'data': [{'id': 'demo-mod', 'name': 'Demo Mod'}]}
      {'success': False} != {'success': True}
      Left contains 2 more items:
      {'error': "'_FakeModManager' object has no attribute '_mods_scan_fingerprint'",
       'message': "'_FakeModManager' object has no attribute "
                  "'_mods_scan_fingerprint'"}
      Use -v to get more diff</failure></testcase><testcase classname="tests.test_routes.test_mods_routes" name="test_list_mods_keeps_trailing_slash_route" time="0.009"><failure message="assert False is True">E   assert False is True</failure></testcase><testcase classname="tests.test_routes.test_smoke_apis" name="test_smoke_endpoint[/api/customers/list-GET-None]" time="5.086" /><testcase classname="tests.test_routes.test_smoke_apis" name="test_smoke_endpoint[/api/products/list-GET-None]" time="5.112" /><testcase classname="tests.test_routes.test_smoke_apis" name="test_smoke_endpoint[/api/shipment/list-GET-None]" time="5.120" /><testcase classname="tests.test_routes.test_smoke_apis" name="test_smoke_endpoint[/api/wechat/contacts-GET-None]" time="5.108" /><testcase classname="tests.test_routes.test_smoke_apis" name="test_smoke_endpoint[/api/wechat/tasks-GET-None]" time="5.121" /><testcase classname="tests.test_routes.test_smoke_apis" name="test_smoke_endpoint[/api/print/printers-GET-None]" time="0.019" /><testcase classname="tests.test_routes.test_smoke_apis" name="test_smoke_endpoint[/api/print/default-GET-None]" time="0.012" /><testcase classname="tests.test_routes.test_smoke_apis" name="test_smoke_endpoint[/api/print/validate-GET-None]" time="0.015" /><testcase classname="tests.test_routes.test_smoke_apis" name="test_smoke_endpoint[/api/ocr/test-GET-None]" time="16.278" /><testcase classname="tests.test_routes.test_smoke_apis" name="test_smoke_endpoint[/api/ai/chat-POST-payload9]" time="0.011" /><testcase classname="tests.test_routes.test_smoke_apis" name="test_smoke_endpoint[/api/ai/test-GET-None]" time="0.011" /><testcase classname="tests.test_routes.test_smoke_apis" name="test_smoke_endpoint[/api/ai/intent/test-POST-payload11]" time="0.008" /><testcase classname="tests.test_schemas.test_material_schema.TestMaterialCreate" name="test_valid_material" time="0.002" /><testcase classname="tests.test_schemas.test_material_schema.TestMaterialCreate" name="test_name_empty_string_rejected" time="0.001" /><testcase classname="tests.test_schemas.test_material_schema.TestMaterialCreate" name="test_name_whitespace_trimmed" time="0.001" /><testcase classname="tests.test_schemas.test_material_schema.TestMaterialCreate" name="test_material_code_valid_format" time="0.001" /><testcase classname="tests.test_schemas.test_material_schema.TestMaterialCreate" name="test_material_code_invalid_characters_rejected" time="0.001" /><testcase classname="tests.test_schemas.test_material_schema.TestMaterialCreate" name="test_material_code_with_underscore_valid" time="0.000" /><testcase classname="tests.test_schemas.test_material_schema.TestMaterialCreate" name="test_negative_quantity_rejected" time="0.000" /><testcase classname="tests.test_schemas.test_material_schema.TestMaterialCreate" name="test_negative_unit_price_rejected" time="0.000" /><testcase classname="tests.test_schemas.test_material_schema.TestMaterialCreate" name="test_zero_quantity_allowed" time="0.000" /><testcase classname="tests.test_schemas.test_material_schema.TestMaterialCreate" name="test_default_values" time="0.000" /><testcase classname="tests.test_schemas.test_material_schema.TestMaterialCreate" name="test_optional_fields_can_be_none" time="0.000" /><testcase classname="tests.test_schemas.test_material_schema.TestMaterialCreate" name="test_name_too_long_rejected" time="0.000" /><testcase classname="tests.test_schemas.test_material_schema.TestMaterialUpdate" name="test_partial_update" time="0.000" /><testcase classname="tests.test_schemas.test_material_schema.TestMaterialUpdate" name="test_all_fields_optional" time="0.000" /><testcase classname="tests.test_schemas.test_material_schema.TestMaterialUpdate" name="test_update_with_empty_name_rejected" time="0.000" /><testcase classname="tests.test_schemas.test_material_schema.TestMaterialResponse" name="test_response_model_config" time="0.000" /><testcase classname="tests.test_services.test_ai_conversation_service.TestAIConversationService" name="test_service_init" time="0.009" /><testcase classname="tests.test_services.test_ai_conversation_service.TestAIConversationService" name="test_handle_negative_intent" time="0.009"><failure message="AttributeError: 'AIConversationService' object has no attribute 'handle_intent'">E   AttributeError: 'AIConversationService' object has no attribute 'handle_intent'</failure></testcase><testcase classname="tests.test_services.test_ai_conversation_service.TestAIConversationService" name="test_handle_greeting" time="0.008"><failure message="AttributeError: 'AIConversationService' object has no attribute 'handle_intent'">E   AttributeError: 'AIConversationService' object has no attribute 'handle_intent'</failure></testcase><testcase classname="tests.test_services.test_ai_product_parser.TestAIProductParser" name="test_parse_with_purchase_unit_and_slots" time="0.008" /><testcase classname="tests.test_services.test_auth_user_session_services" name="test_auth_service_authenticate_success" time="0.011" /><testcase classname="tests.test_services.test_auth_user_session_services" name="test_auth_service_authenticate_unknown_user" time="0.008" /><testcase classname="tests.test_services.test_auth_user_session_services" name="test_user_service_create_user_duplicate" time="0.008" /><testcase classname="tests.test_services.test_auth_user_session_services" name="test_session_service_validate_expired_deletes" time="5.005"><failure message="sqlalchemy.exc.OperationalError: (psycopg.errors.ConnectionTimeout) connection timeout expired&#10;(Background on this error at: https://sqlalche.me/e/20/e3q8)">E   psycopg.errors.ConnectionTimeout: connection timeout expired

The above exception was the direct cause of the following exception:
E   sqlalchemy.exc.OperationalError: (psycopg.errors.ConnectionTimeout) connection timeout expired
    (Background on this error at: https://sqlalche.me/e/20/e3q8)</failure></testcase><testcase classname="tests.test_services.test_deepseek_intent_service.TestDeepSeekIntentRecognizer" name="test_recognizer_init" time="0.001" /><testcase classname="tests.test_services.test_deepseek_intent_service.TestDeepSeekIntentRecognizer" name="test_recognizer_has_required_methods" time="0.002" /><testcase classname="tests.test_services.test_extract_log_service.TestExtractLogService.TestCreateLog" name="test_create_log_success" time="0.012" /><testcase classname="tests.test_services.test_extract_log_service.TestExtractLogService.TestCreateLog" name="test_create_log_failure" time="0.009" /><testcase classname="tests.test_services.test_extract_log_service.TestExtractLogService.TestCreateLog" name="test_create_log_without_optional_params" time="0.011" /><testcase classname="tests.test_services.test_extract_log_service.TestExtractLogService.TestUpdateLog" name="test_update_log_success" time="0.009" /><testcase classname="tests.test_services.test_extract_log_service.TestExtractLogService.TestUpdateLog" name="test_update_log_pending_status" time="0.007" /><testcase classname="tests.test_services.test_extract_log_service.TestExtractLogService.TestUpdateLog" name="test_update_log_failed_status" time="0.007" /><testcase classname="tests.test_services.test_extract_log_service.TestExtractLogService.TestUpdateLog" name="test_update_log_with_error_message" time="0.008" /><testcase classname="tests.test_services.test_extract_log_service.TestExtractLogService.TestUpdateLog" name="test_update_log_failure" time="0.008" /><testcase classname="tests.test_services.test_extract_log_service.TestExtractLogService.TestGetLog" name="test_get_log_success" time="0.009" /><testcase classname="tests.test_services.test_extract_log_service.TestExtractLogService.TestGetLog" name="test_get_log_not_found" time="0.008" /><testcase classname="tests.test_services.test_extract_log_service.TestExtractLogService.TestGetLog" name="test_get_log_with_null_field_mapping" time="0.008" /><testcase classname="tests.test_services.test_extract_log_service.TestExtractLogService.TestGetLogs" name="test_get_logs_success" time="0.008" /><testcase classname="tests.test_services.test_extract_log_service.TestExtractLogService.TestGetLogs" name="test_get_logs_with_data_type_filter" time="0.009" /><testcase classname="tests.test_services.test_extract_log_service.TestExtractLogService.TestGetLogs" name="test_get_logs_with_status_filter" time="0.010" /><testcase classname="tests.test_services.test_extract_log_service.TestExtractLogService.TestGetLogs" name="test_get_logs_with_multiple_filters" time="0.007" /><testcase classname="tests.test_services.test_extract_log_service.TestExtractLogService.TestGetLogs" name="test_get_logs_empty_list" time="0.008" /><testcase classname="tests.test_services.test_extract_log_service.TestExtractLogService.TestGetLogs" name="test_get_logs_failure" time="0.007" /><testcase classname="tests.test_services.test_intent_service.TestIntentServiceHelpers" name="test_is_negation_positive" time="0.001"><failure message="AssertionError: assert False is True&#10; +  where False = is_negation('别开发货单')">E   AssertionError: assert False is True
     +  where False = is_negation('别开发货单')</failure></testcase><testcase classname="tests.test_services.test_intent_service.TestIntentServiceHelpers" name="test_is_negation_negative" time="0.000" /><testcase classname="tests.test_services.test_intent_service.TestIntentServiceHelpers" name="test_is_greeting_positive" time="0.000" /><testcase classname="tests.test_services.test_intent_service.TestIntentServiceHelpers" name="test_is_greeting_negative" time="0.000" /><testcase classname="tests.test_services.test_intent_service.TestIntentServiceHelpers" name="test_is_goodbye_positive" time="0.000"><failure message="AssertionError: assert False is True&#10; +  where False = is_goodbye('再见')">E   AssertionError: assert False is True
     +  where False = is_goodbye('再见')</failure></testcase><testcase classname="tests.test_services.test_intent_service.TestIntentServiceHelpers" name="test_is_goodbye_negative" time="0.000" /><testcase classname="tests.test_services.test_intent_service.TestIntentServiceHelpers" name="test_is_help_request_positive" time="0.000"><failure message="AssertionError: assert False is True&#10; +  where False = is_help_request('你能做什么')">E   AssertionError: assert False is True
     +  where False = is_help_request('你能做什么')</failure></testcase><testcase classname="tests.test_services.test_intent_service.TestIntentServiceHelpers" name="test_is_help_request_negative" time="0.000" /><testcase classname="tests.test_services.test_intent_service.TestIntentServiceHelpers" name="test_is_confirmation_positive" time="0.000" /><testcase classname="tests.test_services.test_intent_service.TestIntentServiceHelpers" name="test_is_negation_intent" time="0.000"><failure message="AssertionError: assert False is True&#10; +  where False = is_negation_intent('算了')">E   AssertionError: assert False is True
     +  where False = is_negation_intent('算了')</failure></testcase><testcase classname="tests.test_services.test_mod_store_stack" name="test_catalog_base_url_default" time="0.000" /><testcase classname="tests.test_services.test_mod_store_stack" name="test_normalize_package_zip_passes_through_when_manifest_at_root" time="0.017" /><testcase classname="tests.test_services.test_mod_store_stack" name="test_normalize_package_zip_flattens_single_top_folder" time="0.026" /><testcase classname="tests.test_services.test_mod_store_stack" name="test_mod_store_catalog_mount" time="0.021" /><testcase classname="tests.test_services.test_neuro_event_publisher_mixin" name="test_publish_event_returns_event_id_when_bus_ok" time="0.002" /><testcase classname="tests.test_services.test_neuro_event_publisher_mixin" name="test_publish_event_returns_empty_string_on_failure" time="0.001" /><testcase classname="tests.test_services.test_ocr_service.TestExtractStructuredData" name="test_extract_customer_info" time="0.007" /><testcase classname="tests.test_services.test_ocr_service.TestExtractStructuredData" name="test_extract_purchase_date" time="0.006" /><testcase classname="tests.test_services.test_ocr_service.TestExtractStructuredData" name="test_extract_order_number" time="0.005" /><testcase classname="tests.test_services.test_ocr_service.TestExtractStructuredData" name="test_extract_products" time="0.005" /><testcase classname="tests.test_services.test_ocr_service.TestExtractStructuredData" name="test_extract_total_amount" time="0.006" /><testcase classname="tests.test_services.test_ocr_service.TestExtractStructuredData" name="test_extract_empty_text" time="0.005" /><testcase classname="tests.test_services.test_ocr_service.TestExtractStructuredData" name="test_extract_no_matching_fields" time="0.007" /><testcase classname="tests.test_services.test_ocr_service.TestExtractStructuredData" name="test_extract_partial_data" time="0.007" /><testcase classname="tests.test_services.test_ocr_service.TestExtractStructuredData" name="test_extract_chinese_date_format" time="0.007" /><testcase classname="tests.test_services.test_ocr_service.TestExtractStructuredData" name="test_extract_invalid_amount" time="0.007" /><testcase classname="tests.test_services.test_ocr_service.TestExtractStructuredData" name="test_extract_raw_text_preserved" time="0.006" /><testcase classname="tests.test_services.test_ocr_service.TestAnalyzeText" name="test_identify_order_type" time="0.006" /><testcase classname="tests.test_services.test_ocr_service.TestAnalyzeText" name="test_identify_shipment_type" time="0.006" /><testcase classname="tests.test_services.test_ocr_service.TestAnalyzeText" name="test_identify_payment_type" time="0.008" /><testcase classname="tests.test_services.test_ocr_service.TestAnalyzeText" name="test_identify_product_type" time="0.007" /><testcase classname="tests.test_services.test_ocr_service.TestAnalyzeText" name="test_identify_customer_type" time="0.006" /><testcase classname="tests.test_services.test_ocr_service.TestAnalyzeText" name="test_detect_missing_fields" time="0.006" /><testcase classname="tests.test_services.test_ocr_service.TestAnalyzeText" name="test_provide_suggestions_unknown_type" time="0.009" /><testcase classname="tests.test_services.test_ocr_service.TestAnalyzeText" name="test_analyze_empty_text" time="0.008" /><testcase classname="tests.test_services.test_ocr_service.TestAnalyzeText" name="test_detect_all_essential_fields" time="0.008" /><testcase classname="tests.test_services.test_ocr_service.TestAnalyzeText" name="test_detect_purchase_unit_field" time="0.007" /><testcase classname="tests.test_services.test_ocr_service.TestAnalyzeText" name="test_detect_phone_field" time="0.007" /><testcase classname="tests.test_services.test_ocr_service.TestAnalyzeText" name="test_detect_total_field" time="0.006" /><testcase classname="tests.test_services.test_ocr_service.TestAnalyzeText" name="test_confidence_calculation" time="0.007" /><testcase classname="tests.test_services.test_ocr_service.TestCleanText" name="test_clean_normal_text" time="0.001" /><testcase classname="tests.test_services.test_ocr_service.TestCleanText" name="test_clean_empty_text" time="0.001" /><testcase classname="tests.test_services.test_ocr_service.TestCleanText" name="test_clean_text_with_only_whitespace" time="0.001" /><testcase classname="tests.test_services.test_ocr_service.TestCleanText" name="test_clean_text_remove_empty_lines" time="0.000" /><testcase classname="tests.test_services.test_ocr_service.TestCleanText" name="test_clean_text_preserve_content" time="0.000" /><testcase classname="tests.test_services.test_ocr_service.TestClassifyText" name="test_classify_number" time="0.001" /><testcase classname="tests.test_services.test_ocr_service.TestClassifyText" name="test_classify_date_chinese_format" time="0.001" /><testcase classname="tests.test_services.test_ocr_service.TestClassifyText" name="test_classify_date_with_slash" time="0.001" /><testcase classname="tests.test_services.test_ocr_service.TestClassifyText" name="test_classify_date_with_year" time="0.000" /><testcase classname="tests.test_services.test_ocr_service.TestClassifyText" name="test_cla
[...]

The above exception was the direct cause of the following exception:
E   sqlalchemy.exc.OperationalError: (psycopg.errors.ConnectionTimeout) connection timeout expired
    (Background on this error at: https://sqlalche.me/e/20/e3q8)</failure></testcase><testcase classname="tests.test_services.test_shipment_service.TestLegacyShipmentDocumentGenerator" name="test_generate_fail_when_unit_not_resolved" time="0.001"><failure message="AssertionError: assert '未找到购买单位' in '未找到客户：未知单位'">E   AssertionError: assert '未找到购买单位' in '未找到客户：未知单位'</failure></testcase><testcase classname="tests.test_services.test_shipment_service.TestShipmentAppServiceGenerate" name="test_generate_document_success" time="0.000"><failure message="AttributeError: &lt;module 'app.infrastructure.persistence.shipment_record_store_impl' from 'E:\\XCMAX\\FHD\\app\\infrastructure\\persistence\\shipment_record_store_impl.py'&gt; does not have the attribute 'resolve_purchase_unit'">E   AttributeError: &lt;module 'app.infrastructure.persistence.shipment_record_store_impl' from 'E:\\XCMAX\\FHD\\app\\infrastructure\\persistence\\shipment_record_store_impl.py'&gt; does not have the attribute 'resolve_purchase_unit'</failure></testcase><testcase classname="tests.test_services.test_task_agent.TestCnNumber" name="test_cn_number_arabic" time="0.000" /><testcase classname="tests.test_services.test_task_agent.TestCnNumber" name="test_cn_number_single_digit" time="0.001" /><testcase classname="tests.test_services.test_task_agent.TestCnNumber" name="test_cn_number_ten" time="0.000" /><testcase classname="tests.test_services.test_task_agent.TestCnNumber" name="test_cn_number_teen" time="0.000" /><testcase classname="tests.test_services.test_task_agent.TestCnNumber" name="test_cn_number_invalid" time="0.000" /><testcase classname="tests.test_services.test_task_agent.TestCnNumber" name="test_cn_number_two_variant" time="0.000" /><testcase classname="tests.test_services.test_task_agent.TestSlotLabels" name="test_slot_labels_contains_expected_keys" time="0.000" /><testcase classname="tests.test_services.test_task_agent.TestTaskAgent" name="test_agent_init" time="0.001" /><testcase classname="tests.test_services.test_task_agent.TestTaskAgent" name="test_parse_task_with_greeting" time="0.006" /><testcase classname="tests.test_services.test_task_agent.TestTaskAgent" name="test_extract_query_keyword" time="0.001" /><testcase classname="tests.test_services.test_task_agent.TestTaskAgent" name="test_extract_product_query_slots" time="0.001" /><testcase classname="tests.test_services.test_task_agent.TestTaskAgent" name="test_extract_customer_query_slots" time="0.001" /><testcase classname="tests.test_services.test_task_agent.TestTaskAgent" name="test_parse_qty_token" time="0.001" /><testcase classname="tests.test_services.test_task_context_service.TestTaskContextService" name="test_get_empty_context" time="0.016" /><testcase classname="tests.test_services.test_task_context_service.TestTaskContextService" name="test_set_and_get_context" time="0.020" /><testcase classname="tests.test_services.test_task_context_service.TestTaskContextService" name="test_delete_context" time="0.024" /><testcase classname="tests.test_services.test_task_context_service.TestTaskContextService" name="test_get_task_context_service_singleton" time="0.000" /><testcase classname="tests.test_session_account_meta" name="test_admin入口必须是市场管理员账号" time="0.000" /><testcase classname="tests.test_session_account_meta" name="test_企业入口只允许非管理员企业账号" time="0.000" /><testcase classname="tests.test_shipment_tasks.TestShipmentTasksImport" name="test_module_import" time="0.131" /><testcase classname="tests.test_shipment_tasks.TestShipmentTasksImport" name="test_generate_shipment_order_exists" time="0.000" /><testcase classname="tests.test_shipment_tasks.TestShipmentTasksImport" name="test_generate_batch_shipment_orders_exists" time="0.000" /><testcase classname="tests.test_shipment_tasks.TestShipmentTasksImport" name="test_print_shipment_document_exists" time="0.000" /><testcase classname="tests.test_shipment_tasks.TestShipmentTasksImport" name="test_cleanup_old_shipment_documents_exists" time="0.000" /><testcase classname="tests.test_shipment_tasks.TestGenerateShipmentOrderTask" name="test_generate_shipment_order_success" time="0.009" /><testcase classname="tests.test_shipment_tasks.TestGenerateShipmentOrderTask" name="test_generate_shipment_order_with_date" time="0.001" /><testcase classname="tests.test_shipment_tasks.TestGenerateShipmentOrderTask" name="test_generate_shipment_order_failure" time="0.002" /><testcase classname="tests.test_shipment_tasks.TestGenerateBatchShipmentOrdersTask" name="test_generate_batch_shipment_orders_success" time="0.001" /><testcase classname="tests.test_shipment_tasks.TestGenerateBatchShipmentOrdersTask" name="test_generate_batch_shipment_orders_partial_failure" time="0.001" /><testcase classname="tests.test_shipment_tasks.TestPrintShipmentDocumentTask" name="test_print_shipment_document_success" time="0.001" /><testcase classname="tests.test_shipment_tasks.TestPrintShipmentDocumentTask" name="test_print_shipment_document_file_not_exists" time="0.000" /><testcase classname="tests.test_shipment_tasks.TestPrintShipmentDocumentTask" name="test_print_shipment_document_with_copies" time="0.000" /><testcase classname="tests.test_shipment_tasks.TestCleanupOldShipmentDocumentsTask" name="test_cleanup_old_documents_success" time="0.002" /><testcase classname="tests.test_shipment_tasks.TestShipmentTasksAttributes" name="test_generate_shipment_order_has_bind" time="0.000" /><testcase classname="tests.test_shipment_tasks.TestShipmentTasksAttributes" name="test_generate_batch_shipment_orders_has_max_retries" time="0.000" /><testcase classname="tests.test_shipment_tasks.TestShipmentTasksAttributes" name="test_print_shipment_document_has_max_retries" time="0.000" /><testcase classname="tests.test_shipment_tasks.TestShipmentTasksAttributes" name="test_cleanup_old_shipment_documents_no_bind" time="0.000" /><testcase classname="tests.test_start_lan_launcher" name="test_stop_only_skip_kill_exits_quickly" time="0.234"><failure message="AssertionError: (1, '', '所在位置 E:\\XCMAX\\FHD\\scripts\\launchers\\start-lan.ps1:21 字符: 28&#10;  +     [int]$BackendWaitSec = 30,&#10;  +        ...    : ParserError: (:) [], ParentContainsErrorRecordException&#10;      + FullyQualifiedErrorId : InvalidLeftHandSide&#10;   &#10;  ')&#10;assert 1 == 0&#10; +  where 1 = CompletedProcess(args=['powershell', '-NoProfile', '-ExecutionPolicy', 'Bypass', '-File', 'E:\\XCMAX\\FHD\\scripts\\la...    : ParserError: (:) [], ParentContainsErrorRecordException\n    + FullyQualifiedErrorId : InvalidLeftHandSide\n \n').returncode">E   AssertionError: (1, '', '所在位置 E:\\XCMAX\\FHD\\scripts\\launchers\\start-lan.ps1:21 字符: 28
      +     [int]$BackendWaitSec = 30,
      +        ...    : ParserError: (:) [], ParentContainsErrorRecordException
          + FullyQualifiedErrorId : InvalidLeftHandSide
       
      ')
    assert 1 == 0
     +  where 1 = CompletedProcess(args=['powershell', '-NoProfile', '-ExecutionPolicy', 'Bypass', '-File', 'E:\\XCMAX\\FHD\\scripts\\la...    : ParserError: (:) [], ParentContainsErrorRecordException\n    + FullyQualifiedErrorId : InvalidLeftHandSide\n \n').returncode</failure></testcase><testcase classname="tests.test_start_lan_launcher" name="test_stop_existing_enumeration_and_path_reads_are_quick" time="0.272" /><testcase classname="tests.test_task_agent" name="test_task_agent_parse_long_colloquial_shipment" time="0.038" /><testcase classname="tests.test_task_agent" name="test_task_agent_should_parse_spec_and_qty_without_separator" time="0.028" /><testcase classname="tests.test_task_agent" name="test_task_agent_followup_then_fill_bucket" time="0.067" /><testcase classname="tests.test_task_agent" name="test_task_agent_products_fallback" time="0.044" /><testcase classname="tests.test_task_agent" name="test_task_agent_product_query_slots_should_extract" time="0.044" /><testcase classname="tests.test_task_agent" name="test_task_agent_customer_query_followup_then_fill" time="0.099" /><testcase classname="tests.test_task_agent" name="test_task_agent_followup_should_use_chinese_slot_labels" time="0.043" /><testcase classname="tests.test_task_agent" name="test_task_agent_followup_should_ask_natural_questions" time="0.044" /><testcase classname="tests.test_task_agent" name="test_task_agent_should_parse_compact_shipment_with_qty_verb" time="0.039" /><testcase classname="tests.test_tasks.test_shipment_tasks.TestShipmentTasks" name="test_generate_shipment_order_task" time="0.001" /><testcase classname="tests.test_tasks.test_shipment_tasks.TestShipmentTasks" name="test_export_shipment_records_task" time="0.001" /><testcase classname="tests.test_utils.test_path_utils.TestPathUtils" name="test_get_data_dir" time="0.001" /><testcase classname="tests.test_utils.test_path_utils.TestPathUtils" name="test_get_base_dir" time="0.000" /><testcase classname="tests.test_utils.test_path_utils.TestPathUtils" name="test_ensure_dir" time="0.002" /><testcase classname="tests.test_utils.test_printer_automation.TestPrinterAutomation" name="test_click_mouse_left" time="0.002" /><testcase classname="tests.test_utils.test_printer_automation.TestPrinterAutomation" name="test_click_mouse_right" time="0.002" /><testcase classname="tests.test_utils.test_printer_automation.TestPrinterAutomation" name="test_find_window_found" time="0.001" /><testcase classname="tests.test_utils.test_printer_automation.TestPrinterAutomation" name="test_find_window_not_found" time="0.001" /><testcase classname="tests.test_utils.test_printer_automation.TestPrinterAutomation" name="test_get_window_position" time="0.001" /><testcase classname="tests.test_utils.test_printer_automation.TestPrinterAutomation" name="test_handle_printer_dialog_found" time="0.002" /><testcase classname="tests.test_utils.test_printer_automation.TestPrinterAutomation" name="test_handle_printer_dialog_not_found" time="0.002" /><testcase classname="tests.test_utils.test_printer_automation.TestPrinterAutomation" name="test_move_mouse" time="0.001" /><testcase classname="tests.test_utils.test_printer_automation.TestPrinterAutomation" name="test_print_with_automation_exception" time="0.002" /><testcase classname="tests.test_utils.test_printer_automation.TestPrinterAutomation" name="test_print_with_automation_shell_execute_failure" time="0.002" /><testcase classname="tests.test_utils.test_printer_automation.TestPrinterAutomation" name="test_print_with_automation_success" time="0.002" /><testcase classname="tests.test_utils.test_printer_automation.TestPrinterAutomation" name="test_set_default_printer_exception" time="0.001" /><testcase classname="tests.test_utils.test_printer_automation.TestPrinterAutomation" name="test_set_default_printer_failure" time="0.002" /><testcase classname="tests.test_utils.test_printer_automation.TestPrinterAutomation" name="test_set_default_printer_success" time="0.001" /><testcase classname="tests.test_utils.test_printer_automation.TestEnhancedPrinterUtils" name="test_enhanced_printer_utils_init" time="0.001" /><testcase classname="tests.test_utils.test_printer_automation.TestEnhancedPrinterUtils" name="test_print_file_enhanced_exception" time="0.001" /><testcase classname="tests.test_utils.test_printer_automation.TestEnhancedPrinterUtils" name="test_print_file_enhanced_with_automation" time="0.001" /><testcase classname="tests.test_utils.test_printer_automation.TestEnhancedPrinterUtils" name="test_print_file_enhanced_without_automation" time="0.001" /><testcase classname="tests.test_utils.test_printer_automation.TestPrinterAutomationModuleImport" name="test_enhanced_printer_utils_import" time="0.001" /><testcase classname="tests.test_utils.test_printer_automation.TestPrinterAutomationModuleImport" name="test_printer_automation_import" time="0.000" /><testcase classname="tests.test_utils.test_time_utils" name="test_utc_now_naive_is_naive" time="0.000" /><testcase classname="tests.test_utils.test_time_utils" name="test_utc_now_iso_z_ends_with_z" time="0.000" /><testcase classname="tests.test_utils.test_utils.TestExcelUtils" name="test_get_header_indices_standard" time="0.000" /><testcase classname="tests.test_utils.test_utils.TestExcelUtils" name="test_get_header_indices_alternative" time="0.000" /><testcase classname="tests.test_utils.test_utils.TestExcelUtils" name="test_get_header_indices_partial" time="0.000" /><testcase classname="tests.test_utils.test_utils.TestExcelUtils" name="test_get_header_indices_empty" time="0.000" /><testcase classname="tests.test_utils.test_utils.TestExcelUtils" name="test_get_header_indices_with_whitespace" time="0.000" /><testcase classname="tests.test_utils.test_utils.TestExcelUtils" name="test_get_header_indices_missing_columns" time="0.000" /><testcase classname="tests.test_utils.test_utils.TestExcelUtils" name="test_normalize_unit_name_standard" time="0.000" /><testcase classname="tests.test_utils.test_utils.TestExcelUtils" name="test_normalize_unit_name_fullwidth_space" time="0.001" /><testcase classname="tests.test_utils.test_utils.TestExcelUtils" name="test_normalize_unit_name_none" time="0.001" /><testcase classname="tests.test_utils.test_utils.TestExcelUtils" name="test_normalize_unit_name_number" time="0.001" /><testcase classname="tests.test_utils.test_utils.TestExcelUtils" name="test_normalize_unit_name_mixed_spaces" time="0.001" /><testcase classname="tests.test_utils.test_utils.TestExcelUtils" name="test_cell_str_standard" time="0.001" /><testcase classname="tests.test_utils.test_utils.TestExcelUtils" name="test_cell_str_none_value" time="0.001" /><testcase classname="tests.test_utils.test_utils.TestExcelUtils" name="test_cell_str_none_column" time="0.001" /><testcase classname="tests.test_utils.test_utils.TestExcelUtils" name="test_cell_str_integer" time="0.001" /><testcase classname="tests.test_utils.test_utils.TestExcelUtils" name="test_cell_str_float" time="0.001" /><testcase classname="tests.test_utils.test_utils.TestExcelUtils" name="test_cell_str_integer_float" time="0.001" /><testcase classname="tests.test_utils.test_utils.TestPathUtils" name="test_get_base_dir_development" time="0.001" /><testcase classname="tests.test_utils.test_utils.TestPathUtils" name="test_get_base_dir_production" time="0.001" /><testcase classname="tests.test_utils.test_utils.TestPathUtils" name="test_ensure_dir" time="0.001" /><testcase classname="tests.test_utils.test_utils.TestPathUtils" name="test_get_db_path_default" time="0.001" /><testcase classname="tests.test_utils.test_utils.TestPathUtils" name="test_get_db_path_custom" time="0.001" /><testcase classname="tests.test_utils.test_utils.TestPathUtils" name="test_get_base_dir_real" time="0.000" /><testcase classname="tests.test_utils.test_utils.TestPathUtils" name="test_get_app_data_dir_real" time="0.001" /><testcase classname="tests.test_utils.test_utils.TestPathUtils" name="test_get_data_dir_real" time="0.001" /><testcase classname="tests.test_utils.test_utils.TestPathUtils" name="test_get_upload_dir_real" time="0.001" /><testcase classname="tests.test_utils.test_utils.TestPathUtils" name="test_get_log_dir_real" time="0.001" /><testcase classname="tests.test_utils.test_utils.TestMergedCellValue" name="test_no_merged_cells" time="0.001" /><testcase classname="tests.test_utils.test_utils.TestMergedCellValue" name="test_empty_merged_ranges" time="0.001" /><testcase classname="tests.test_utils.test_utils.TestMergedCellValue" name="test_merged_cell_in_range" time="0.001" /><testcase classname="tests.test_utils.test_utils.TestMergedCellValue" name="test_merged_cell_not_in_range" time="0.001" /><testcase classname="tests.test_utils.test_utils.TestMergedCellValue" name="test_merged_cell_exception_handling" time="0.001" /><testcase classname="tests.test_utils.test_utils.TestExcelUtilsEdgeCases" name="test_get_header_indices_case_sensitive" time="0.000" /><testcase classname="tests.test_utils.test_utils.TestExcelUtilsEdgeCases" name="test_normalize_unit_name_empty_string" time="0.001" /><testcase classname="tests.test_utils.test_utils.TestExcelUtilsEdgeCases" name="test_normalize_unit_name_only_spaces" time="0.001" /><testcase classname="tests.test_utils.test_utils.TestExcelUtilsEdgeCases" name="test_cell_str_strip_whitespace" time="0.001" /><testcase classname="tests.test_utils.test_utils.TestExcelUtilsEdgeCases" name="test_get_header_indices_duplicate_columns" time="0.000" /><testcase classname="tests.test_utils.test_utils.TestPathUtilsEdgeCases" name="test_ensure_dir_already_exists" time="0.002" /><testcase classname="tests.test_utils.test_utils.TestPathUtilsEdgeCases" name="test_get_db_path_with_subdirectory" time="0.001" /><testcase classname="tests.test_wechat_tasks.TestWechatTasksImport" name="test_module_import" time="0.001" /><testcase classname="tests.test_wechat_tasks.TestWechatTasksImport" name="test_process_wechat_message_exists" time="0.000" /><testcase classname="tests.test_wechat_tasks.TestWechatTasksImport" name="test_scan_wechat_messages_exists" time="0.000" /><testcase classname="tests.test_wechat_tasks.TestWechatTasksImport" name="test_cleanup_old_tasks_exists" time="0.000" /><testcase classname="tests.test_wechat_tasks.TestProcessWechatMessageTask" name="test_process_wechat_message_success" time="0.002" /><testcase classname="tests.test_wechat_tasks.TestProcessWechatMessageTask" name="test_process_wechat_message_failure" time="0.001" /><testcase classname="tests.test_wechat_tasks.TestProcessWechatMessageTask" name="test_process_wechat_message_with_full_data" time="0.001" /><testcase classname="tests.test_wechat_tasks.TestScanWechatMessagesTask" name="test_scan_wechat_messages_success" time="0.002" /><testcase classname="tests.test_wechat_tasks.TestScanWechatMessagesTask" name="test_scan_wechat_messages_no_contact" time="0.001" /><testcase classname="tests.test_wechat_tasks.TestScanWechatMessagesTask" name="test_scan_wechat_messages_with_dispatch" time="0.001" /><testcase classname="tests.test_wechat_tasks.TestScanWechatMessagesTask" name="test_scan_wechat_messages_exception" time="0.002" /><testcase classname="tests.test_wechat_tasks.TestCleanupOldTasksTask" name="test_cleanup_old_tasks_success" time="0.003" /><testcase classname="tests.test_wechat_tasks.TestCleanupOldTasksTask" name="test_cleanup_old_tasks_with_custom_days" time="0.003" /><testcase classname="tests.test_wechat_tasks.TestCleanupOldTasksTask" name="test_cleanup_old_tasks_no_tasks_to_clean" time="0.002" /><testcase classname="tests.test_wechat_tasks.TestCleanupOldTasksTask" name="test_cleanup_old_tasks_exception" time="0.002" /><testcase classname="tests.test_wechat_tasks.TestWechatTasksAttributes" name="test_process_wechat_message_has_bind" time="0.000" /><testcase classname="tests.test_wechat_tasks.TestWechatTasksAttributes" name="test_process_wechat_message_has_max_retries" time="0.000" /><testcase classname="tests.test_wechat_tasks.TestWechatTasksAttributes" name="test_scan_wechat_messages_has_max_retries" time="0.000" /><testcase classname="tests.test_wechat_tasks.TestWechatTasksAttributes" name="test_cleanup_old_tasks_no_bind" time="0.000" /><testcase classname="tests.test_wechat_tasks.TestWechatTasksIntegration" name="test_scan_and_process_workflow" time="0.001" /><testcase classname="tests.test_xcagi_safe_download_path" name="test_resolve_under_allowed_dirs_ok" time="0.004" /><testcase classname="tests.test_xcagi_safe_download_path" name="test_resolve_rejects_escape" time="0.003" /><testcase classname="tests.test_xcagi_safe_download_path" name="test_resolve_relative_basename" time="0.004" /></testsuite></testsuites>